(1426617246.872385) can0 477#07006E7B9A001400
(1426617246.940248) can0 475#A6131A4945000000
(1426617246.940572) can0 306#0F00000000000000
(1426617246.940811) can0 294#00009CFFFA000000
(1426617246.941038) can0 270#BF13000000000000
(1426617246.969356) can0 477#07006E7B9A001400
(1426617247.040168) can0 475#A4131A4945000000
(1426617247.040500) can0 306#0F00000000000000
(1426617247.040746) can0 294#00009CFFFA000000
(1426617247.040987) can0 270#BF13000000000000
(1426617247.066346) can0 477#07006E7B9A001400
(1426617247.140358) can0 475#A2131A4945000000
(1426617247.140531) can0 306#0E00000000000000
(1426617247.140733) can0 294#00009CFFFA000000
(1426617247.141240) can0 270#BF13000000000000
(1426617247.163281) can0 477#07006F7B9A001400
(1426617247.240118) can0 475#9A131A4945000000
(1426617247.240545) can0 306#0E00000000000000
(1426617247.240863) can0 294#00009CFFFA000000
(1426617247.241110) can0 270#BF13000000000000
(1426617247.260225) can0 477#07006F7B9A001400
(1426617247.340108) can0 475#9E131A4945000000
(1426617247.340533) can0 306#0E00000000000000
(1426617247.340790) can0 294#00009CFFFA000000
(1426617247.341036) can0 270#BF13000000000000
(1426617247.357226) can0 477#07006E7B9A001400
(1426617247.440305) can0 475#A4131A4945000000
(1426617247.440767) can0 306#0D00000000000000
(1426617247.441062) can0 294#00009CFFFA000000
(1426617247.441325) can0 270#BF13000000000000
(1426617247.454203) can0 477#07006F7B9A001400
(1426617247.540061) can0 475#A9131A4945000000
(1426617247.540429) can0 306#0E00000000000000
(1426617247.540684) can0 294#00009CFFFA000000
(1426617247.540938) can0 270#BF13000000000000
(1426617247.551673) can0 477#07006E7B9A001400
(1426617247.640253) can0 475#A6131A4945000000
(1426617247.640533) can0 306#0F00000000000000
(1426617247.640778) can0 294#00009CFFFA000000
(1426617247.641083) can0 270#BF13000000000000
(1426617247.648146) can0 477#07006F7B9A001400
(1426617247.740396) can0 475#9E131A4945000000
(1426617247.740740) can0 306#0F00000000000000
(1426617247.740997) can0 294#00009CFFFA000000
(1426617247.741271) can0 270#BF13000000000000
(1426617247.745138) can0 477#07006E7B9A001400
(1426617247.840110) can0 475#A0131A4945000000
(1426617247.840445) can0 306#0F00000000000000
(1426617247.840696) can0 294#00009CFFFA000000
(1426617247.841065) can0 270#BF13000000000000
(1426617247.842048) can0 477#07006F7B9A001400
(1426617247.939469) can0 477#07006F7B9A001400
(1426617247.940168) can0 475#9C131A4945000000
(1426617247.940484) can0 306#0E00000000000000
(1426617247.940736) can0 294#00009CFFFA000000
(1426617247.940986) can0 270#C013000000000000
(1426617248.036176) can0 477#07006F7B9A001400
(1426617248.040374) can0 475#AD131A4945000000
(1426617248.040665) can0 306#0E00000000000000
(1426617248.041019) can0 294#00009CFFFA000000
(1426617248.041271) can0 270#C013000000000000
(1426617248.133469) can0 477#07006E7B9A001400
(1426617248.140297) can0 475#A2131A4945000000
(1426617248.140603) can0 306#0E00000000000000
(1426617248.140861) can0 294#00009CFFFA000000
(1426617248.141107) can0 270#BF13000000000000
(1426617248.230257) can0 477#07006E7B9A001400
(1426617248.240258) can0 475#A6131A4945000000
(1426617248.240541) can0 306#0F00000000000000
(1426617248.240840) can0 294#00009CFFFA000000
(1426617248.241131) can0 270#BF13000000000000
(1426617248.328372) can0 477#07006F7B9A001400
(1426617248.340267) can0 475#AB131A4945000000
(1426617248.340545) can0 306#0F00000000000000
(1426617248.340821) can0 294#00009CFFFA000000
(1426617248.341089) can0 270#BF13000000000000
(1426617248.423894) can0 477#07006F7B9A001400
(1426617248.440211) can0 475#98131A4945000000
(1426617248.440512) can0 306#1000000000000000
(1426617248.440764) can0 294#00009CFFFA000000
(1426617248.441095) can0 270#BF13000000000000
(1426617248.520897) can0 477#06006F7B9A001400
(1426617248.540156) can0 475#A8131A4945000000
(1426617248.540463) can0 306#1000000000000000
(1426617248.540733) can0 294#00009CFFFA000000
(1426617248.540984) can0 270#BF13000000000000
(1426617248.617783) can0 477#07006F7B9A001400
(1426617248.640603) can0 475#A8131A4945000000
(1426617248.640933) can0 306#1000000000000000
(1426617248.641229) can0 294#00009CFFFA000000
(1426617248.641760) can0 270#BF13000000000000
(1426617248.714816) can0 477#06006F7B9A001400
(1426617248.740160) can0 475#AB131A4945000000
(1426617248.740606) can0 306#1100000000000000
(1426617248.740865) can0 294#00009CFFFA000000
(1426617248.741113) can0 270#BF13000000000000
(1426617248.811757) can0 477#07006F7B9A001400
(1426617248.840541) can0 475#AD131A4945000000
(1426617248.840882) can0 306#1200000000000000
(1426617248.841174) can0 270#BF13000000000000
(1426617248.841373) can0 294#00009CFFFA000000
(1426617248.908734) can0 477#07006F7B9A001400
(1426617248.940586) can0 475#A8131A4945000000
(1426617248.941020) can0 306#1200000000000000
(1426617248.941279) can0 294#00009CFFFA000000
(1426617248.941523) can0 270#BF13000000000000
(1426617249.005734) can0 477#07006F7B9A001400
(1426617249.040448) can0 475#9E131A4945000000
(1426617249.040764) can0 306#1200000000000000
(1426617249.041115) can0 294#00009CFFFA000000
(1426617249.041458) can0 270#BF13000000000000
(1426617249.102671) can0 477#07006F7B9A001400
(1426617249.140392) can0 475#A0131A4945000000
(1426617249.140691) can0 306#1200000000000000
(1426617249.140952) can0 294#00009CFFFA000000
(1426617249.141253) can0 270#BF13000000000000
(1426617249.199669) can0 477#07006E7B9A001400
(1426617249.240520) can0 475#A4131A4945000000
(1426617249.240837) can0 306#1200000000000000
(1426617249.241181) can0 294#00009CFFFA000000
(1426617249.241535) can0 270#BF13000000000000
(1426617249.296602) can0 477#07006F7B9A001400
(1426617249.340383) can0 475#A4131A4945000000
(1426617249.340807) can0 306#1300000000000000
(1426617249.341061) can0 270#BF13000000000000
(1426617249.341259) can0 294#00009CFFFA000000
(1426617249.393575) can0 477#07006F7B9A001400
(1426617249.440308) can0 475#A9131A4945000000
(1426617249.440622) can0 306#1300000000000000
(1426617249.440881) can0 294#00009CFFFA000000
(1426617249.441232) can0 270#BF13000000000000
(1426617249.490504) can0 477#07006F7B9A001400
(1426617249.540400) can0 475#A9131A4945000000
(1426617249.540676) can0 306#1300000000000000
(1426617249.540921) can0 294#00009CFFFA000000
(1426617249.541160) can0 270#BF13000000000000
(1426617249.587561) can0 477#07006F7B9A001400
(1426617249.640431) can0 475#9E131A4945000000
(1426617249.640817) can0 306#1300000000000000
(1426617249.641152) can0 294#00009CFFFA000000
(1426617249.641497) can0 270#BF13000000000000
(1426617249.684446) can0 477#07006E7B9A001400
(1426617249.740367) can0 475#A8131A4945000000
(1426617249.740778) can0 306#1200000000000000
(1426617249.741037) can0 294#00009CFFFA000000
(1426617249.741279) can0 270#BF13000000000000
(1426617249.781460) can0 477#07006F7B9A001400
(1426617249.840350) can0 475#A8131A4945000000
(1426617249.840744) can0 306#1300000000000000
(1426617249.841074) can0 294#00009CFFFA000000
(1426617249.841329) can0 270#C013000000000000
(1426617249.878419) can0 477#07006F7B9A001400
(1426617249.940305) can0 475#A4131A4945000000
(1426617249.940575) can0 306#1300000000000000
(1426617249.940932) can0 294#00009CFFFA000000
(1426617249.941192) can0 270#C013000000000000
(1426617249.975521) can0 477#07006F7B9A001400
(1426617250.040286) can0 475#9C131A4945000000
(1426617250.040579) can0 306#1300000000000000
(1426617250.041010) can0 294#00009CFFFA000000
(1426617250.041432) can0 270#BF13000000000000
(1426617250.072336) can0 477#07006F7B9A001400
(1426617250.140414) can0 475#A8131A4945000000
(1426617250.140726) can0 306#1300000000000000
(1426617250.140974) can0 294#00009CFFFA000000
(1426617250.141217) can0 270#BF13000000000000
(1426617250.169355) can0 477#07006F7B9A001400
(1426617250.240392) can0 475#A6131A4945000000
(1426617250.240687) can0 306#1300000000000000
(1426617250.240932) can0 294#00009CFFFA000000
(1426617250.241274) can0 270#BF13000000000000
(1426617250.266305) can0 477#07006E7B9A001400
(1426617250.340192) can0 475#A6131A4945000000
(1426617250.340492) can0 306#1300000000000000
(1426617250.340744) can0 294#00009CFFFA000000
(1426617250.340989) can0 270#BF13000000000000
(1426617250.363240) can0 477#07006E7B9A001400
(1426617250.440146) can0 475#A4131A4945000000
(1426617250.440533) can0 306#1200000000000000
(1426617250.441167) can0 294#00009CFFFA000000
(1426617250.441405) can0 270#BF13000000000000
(1426617250.460254) can0 477#07006E7B9A001400
(1426617250.540126) can0 475#A0131A4945000000
(1426617250.540399) can0 306#1200000000000000
(1426617250.540783) can0 294#00009CFFFA000000
(1426617250.541057) can0 270#BF13000000000000
(1426617250.557209) can0 477#07006E7B9A001400
(1426617250.640094) can0 475#A2131A4945000000
(1426617250.640379) can0 306#1100000000000000
(1426617250.640741) can0 294#00009CFFFA000000
(1426617250.641044) can0 270#BF13000000000000
(1426617250.654409) can0 477#07006E7B9A001400
(1426617250.740052) can0 475#A6131A4945000000
(1426617250.740466) can0 306#1100000000000000
(1426617250.740760) can0 294#00009CFFFA000000
(1426617250.741015) can0 270#BF13000000000000
(1426617250.751156) can0 477#07006F7B9A001400
(1426617250.840036) can0 475#A8131A4945000000
(1426617250.840426) can0 306#1000000000000000
(1426617250.840685) can0 294#00009CFFFA000000
(1426617250.840940) can0 270#BF13000000000000
(1426617250.848124) can0 477#07006F7B9A001400
(1426617250.940228) can0 475#A8131A4945000000
(1426617250.940535) can0 306#1000000000000000
(1426617250.940784) can0 294#00009CFFFA000000
(1426617250.941031) can0 270#BF13000000000000
(1426617250.945307) can0 477#07006F7B9A001400
(1426617251.040209) can0 475#A8131A4945000000
(1426617251.040613) can0 306#1000000000000000
(1426617251.040878) can0 294#00009CFFFA000000
(1426617251.041197) can0 270#BF13000000000000
(1426617251.042021) can0 477#07006F7B9A001400
(1426617251.139052) can0 477#07006F7B9A001400
(1426617251.140330) can0 475#AF131A4945000000
(1426617251.140605) can0 306#1000000000000000
(1426617251.140872) can0 294#00009CFFFA000000
(1426617251.141117) can0 270#BF13000000000000
(1426617251.237221) can0 477#07006F7B9A001400
(1426617251.240394) can0 475#A8131A4945000000
(1426617251.240720) can0 306#1000000000000000
(1426617251.240974) can0 294#00009CFFFA000000
(1426617251.241359) can0 270#BF13000000000000
(1426617251.333612) can0 477#07006E7B9A001400
(1426617251.340354) can0 475#A4131A4945000000
(1426617251.340631) can0 306#1000000000000000
(1426617251.340879) can0 294#00009CFFFA000000
(1426617251.341120) can0 270#BF13000000000000
(1426617251.429922) can0 477#07006F7B9A001400
(1426617251.440262) can0 475#A8131A4945000000
(1426617251.440568) can0 306#1000000000000000
(1426617251.440827) can0 294#00009CFFFA000000
(1426617251.441119) can0 270#BF13000000000000
(1426617251.527808) can0 477#07006F7B9A001400
(1426617251.540282) can0 475#AD131A4945000000
(1426617251.540550) can0 306#1100000000000000
(1426617251.540796) can0 294#00009CFFFA000000
(1426617251.541041) can0 270#BF13000000000000
(1426617251.624606) can0 477#07006F7B9A001400
(1426617251.640261) can0 475#A4131A4945000000
(1426617251.640550) can0 306#1200000000000000
(1426617251.640797) can0 294#00009CFFFA000000
(1426617251.641037) can0 270#BF13000000000000
(1426617251.720879) can0 477#07006E7B9A001400
(1426617251.740196) can0 475#9E131A4945000000
(1426617251.740486) can0 306#1200000000000000
(1426617251.740741) can0 294#00009CFFFA000000
(1426617251.740984) can0 270#BF13000000000000
(1426617251.817752) can0 477#07006E7B9A001400
(1426617251.840218) can0 475#A6131A4945000000
(1426617251.840536) can0 306#1200000000000000
(1426617251.840784) can0 294#00009CFFFA000000
(1426617251.841037) can0 270#BF13000000000000
(1426617251.914968) can0 477#07006F7B9A001400
(1426617251.940174) can0 475#A6131A4945000000
(1426617251.940630) can0 306#1200000000000000
(1426617251.940880) can0 294#00009CFFFA000000
(1426617251.941122) can0 270#BF13000000000000
(1426617252.011722) can0 477#07006F7B9A001400
(1426617252.040338) can0 475#A4131A4945000000
(1426617252.040640) can0 306#1100000000000000
(1426617252.040903) can0 294#00009CFFFA000000
(1426617252.041180) can0 270#BF13000000000000
(1426617252.108702) can0 477#07006F7B9A001400
(1426617252.140496) can0 475#A6131A4945000000
(1426617252.140819) can0 306#1200000000000000
(1426617252.141069) can0 294#00009CFFFA000000
(1426617252.141318) can0 270#BF13000000000000
(1426617252.205649) can0 477#07006F7B9A001400
(1426617252.240294) can0 475#A8131A4945000000
(1426617252.240645) can0 306#1100000000000000
(1426617252.240893) can0 294#00009CFFFA000000
(1426617252.241177) can0 270#BF13000000000000
(1426617252.302635) can0 477#07006F7B9A001400
(1426617252.340263) can0 475#AB131A4945000000
(1426617252.340556) can0 306#1100000000000000
(1426617252.340837) can0 294#00009CFFFA000000
(1426617252.341083) can0 270#BF13000000000000
(1426617252.399597) can0 477#07006E7B9A001400
(1426617252.440243) can0 475#A2131A4945000000
(1426617252.440557) can0 306#1100000000000000
(1426617252.440814) can0 294#00009CFFFA000000
(1426617252.441057) can0 270#BF13000000000000
(1426617252.496596) can0 477#06006F7B9A001400
(1426617252.540407) can0 475#A9131A4945000000
(1426617252.540699) can0 306#1100000000000000
(1426617252.540945) can0 294#00009CFFFA000000
(1426617252.541186) can0 270#BF13000000000000
(1426617252.593660) can0 477#07006E7B9A001400
(1426617252.640410) can0 475#9E131A4945000000
(1426617252.640709) can0 306#1200000000000000
(1426617252.640960) can0 294#00009CFFFA000000
(1426617252.641246) can0 270#BF13000000000000
(1426617252.690490) can0 477#07006F7B9A001400
(1426617252.740471) can0 475#A4131A4945000000
(1426617252.740875) can0 306#1100000000000000
(1426617252.741134) can0 294#00009CFFFA000000
(1426617252.741381) can0 270#BF13000000000000
(1426617252.787473) can0 477#07006F7B9A001400
(1426617252.840439) can0 475#A0131A4945000000
(1426617252.840734) can0 306#1100000000000000
(1426617252.841128) can0 294#00009CFFFA000000
(1426617252.841459) can0 270#BF13000000000000
(1426617252.884443) can0 477#07006F7B9A001400
(1426617252.940355) can0 475#A2131A4945000000
(1426617252.940810) can0 306#1100000000000000
(1426617252.941057) can0 294#00009CFFFA000000
(1426617252.941302) can0 270#BF13000000000000
(1426617252.981412) can0 477#07006E7B9A001400
(1426617253.040367) can0 475#AB131A4945000000
(1426617253.040747) can0 306#1200000000000000
(1426617253.041005) can0 294#00009CFFFA000000
(1426617253.041300) can0 270#BF13000000000000
(1426617253.078380) can0 477#07006F7B9A001400
(1426617253.140323) can0 475#A2131A4945000000
(1426617253.140704) can0 306#1200000000000000
(1426617253.140969) can0 294#00009CFFFA000000
(1426617253.141226) can0 270#BF13000000000000
(1426617253.175342) can0 477#07006E7B9A001400
(1426617253.240315) can0 475#9E131A4945000000
(1426617253.240732) can0 306#1200000000000000
(1426617253.240977) can0 294#00009CFFFA000000
(1426617253.241217) can0 270#BF13000000000000
(1426617253.272322) can0 477#07006E7B9A001400
(1426617253.340232) can0 475#A4131A4945000000
(1426617253.340692) can0 306#1200000000000000
(1426617253.340960) can0 294#00009CFFFA000000
(1426617253.341208) can0 270#BF13000000000000
(1426617253.369296) can0 477#07006F7B9A001400
(1426617253.440234) can0 475#A2131A4945000000
(1426617253.440516) can0 306#1200000000000000
(1426617253.440903) can0 294#00009CFFFA000000
(1426617253.441154) can0 270#BF13000000000000
(1426617253.466283) can0 477#07006E7B9A001400
(1426617253.540223) can0 475#A4131A4945000000
(1426617253.540600) can0 306#1200000000000000
(1426617253.540861) can0 294#00009CFFFA000000
(1426617253.541163) can0 270#BF13000000000000
(1426617253.563228) can0 477#07006E7B9A001400
(1426617253.640182) can0 475#A8131A4945000000
(1426617253.640568) can0 306#1100000000000000
(1426617253.640830) can0 294#00009CFFFA000000
(1426617253.641095) can0 270#BF13000000000000
(1426617253.661178) can0 477#07006F7B9A001400
(1426617253.740318) can0 475#9C131A4945000000
(1426617253.740645) can0 306#1100000000000000
(1426617253.740891) can0 294#00009CFFFA000000
(1426617253.741135) can0 270#BF13000000000000
(1426617253.757146) can0 477#07006E7B9A001400
(1426617253.840071) can0 475#A8131A4945000000
(1426617253.840545) can0 306#1000000000000000
(1426617253.840798) can0 294#00009CFFFA000000
(1426617253.841040) can0 270#BF13000000000000
(1426617253.854253) can0 477#07006F7B9A001400
(1426617253.940107) can0 475#A6131A4945000000
(1426617253.940489) can0 306#1100000000000000
(1426617253.940758) can0 294#00009CFFFA000000
(1426617253.941013) can0 270#BF13000000000000
(1426617253.951085) can0 477#07006E7B9A001400
(1426617254.040063) can0 475#A6131A4945000000
(1426617254.040480) can0 306#1000000000000000
(1426617254.040738) can0 294#00009CFFFA000000
(1426617254.040987) can0 270#BF13000000000000
(1426617254.048080) can0 477#07006E7B9A001400
(1426617254.140341) can0 475#A8131A4945000000
(1426617254.140670) can0 306#1100000000000000
(1426617254.140934) can0 294#00009CFFFA000000
(1426617254.141201) can0 270#BF13000000000000
(1426617254.146208) can0 477#07006F7B9A001400
(1426617254.240356) can0 475#A2131A4945000000
(1426617254.240674) can0 306#1100000000000000
(1426617254.240944) can0 294#00009CFFFA000000
(1426617254.241200) can0 270#BF13000000000000
(1426617254.241971) can0 477#07006F7B9A001400
(1426617254.338990) can0 477#07006F7B9A001400
(1426617254.340445) can0 475#AB131A4945000000
(1426617254.340732) can0 306#1100000000000000
(1426617254.341010) can0 294#00009CFFFA000000
(1426617254.341266) can0 270#BF13000000000000
(1426617254.435927) can0 477#07006E7B9A001400
(1426617254.440376) can0 475#A9131A4945000000
(1426617254.440661) can0 306#1200000000000000
(1426617254.440982) can0 294#00009CFFFA000000
(1426617254.441231) can0 270#BF13000000000000
(1426617254.533063) can0 477#07006E7B9A001400
(1426617254.540384) can0 475#A6131A4945000000
(1426617254.540709) can0 306#1300000000000000
(1426617254.540958) can0 294#00009CFFFA000000
(1426617254.541203) can0 270#BF13000000000000
(1426617254.631264) can0 477#07006F7B9A001400
(1426617254.640341) can0 475#A2131A4945000000
(1426617254.640628) can0 306#1300000000000000
(1426617254.640891) can0 294#00009CFFFA000000
(1426617254.641148) can0 270#BF13000000000000
(1426617254.726870) can0 477#07006E7B9A001400
(1426617254.740311) can0 475#A8131A4945000000
(1426617254.740618) can0 306#1300000000000000
(1426617254.740890) can0 294#00009CFFFA000000
(1426617254.741137) can0 270#BF13000000000000
(1426617254.823858) can0 477#07006F7B9A001400
(1426617254.840281) can0 475#A4131A4945000000
(1426617254.840570) can0 306#1300000000000000
(1426617254.840832) can0 294#00009CFFFA000000
(1426617254.841101) can0 270#BF13000000000000
(1426617254.920798) can0 477#07006F7B9A001400
(1426617254.940259) can0 475#A4131A4945000000
(1426617254.940547) can0 306#1400000000000000
(1426617254.940825) can0 294#00009CFFFA000000
(1426617254.941084) can0 270#BF13000000000000
(1426617255.017784) can0 477#06006F7B9A001400
(1426617255.040430) can0 475#A0131A4945000000
(1426617255.040746) can0 306#1400000000000000
(1426617255.040992) can0 294#00009CFFFA000000
(1426617255.041238) can0 270#BF13000000000000
(1426617255.114752) can0 477#07006F7B9A001400
(1426617255.140381) can0 475#A6131A4945000000
(1426617255.140674) can0 306#1400000000000000
(1426617255.140934) can0 294#00009CFFFA000000
(1426617255.141188) can0 270#BF13000000000000
(1426617255.211689) can0 477#07006F7B9A001400
(1426617255.240411) can0 475#A8131A4945000000
(1426617255.240706) can0 306#1400000000000000
(1426617255.240951) can0 294#00009CFFFA000000
(1426617255.241205) can0 270#BF13000000000000
(1426617255.308660) can0 477#07006E7B9A001400
(1426617255.340374) can0 475#AD131A4945000000
(1426617255.340671) can0 306#1400000000000000
(1426617255.340914) can0 294#00009CFFFA000000
(1426617255.341159) can0 270#BF13000000000000
(1426617255.405637) can0 477#07006F7B9A001400
(1426617255.440331) can0 475#A0131A4945000000
(1426617255.440631) can0 306#1500000000000000
(1426617255.440878) can0 294#00009CFFFA000000
(1426617255.441133) can0 270#BF13000000000000
(1426617255.502567) can0 477#07006F7B9A001400
(1426617255.540222) can0 475#AD131A4945000000
(1426617255.540519) can0 306#1500000000000000
(1426617255.540784) can0 294#00009CFFFA000000
(1426617255.541089) can0 270#BF13000000000000
(1426617255.599611) can0 477#07006F7B9A001400
(1426617255.640457) can0 475#A4131A4945000000
(1426617255.640762) can0 306#1500000000000000
(1426617255.641010) can0 294#00009CFFFA000000
(1426617255.641258) can0 270#BF13000000000000
(1426617255.696573) can0 477#07006F7B9A001400
(1426617255.740450) can0 475#A0131A4945000000
(1426617255.740772) can0 306#1500000000000000
(1426617255.741301) can0 270#BF13000000000000
(1426617255.741526) can0 294#00009CFFFA000000
(1426617255.793800) can0 477#07006D7B9A001400
(1426617255.840482) can0 475#A0131A4945000000
(1426617255.840875) can0 306#1400000000000000
(1426617255.841171) can0 294#00009CFFFA000000
(1426617255.841420) can0 270#BF13000000000000
(1426617255.890507) can0 477#07006E7B9A001400
(1426617255.940449) can0 475#A4131A4945000000
(1426617255.940722) can0 306#1300000000000000
(1426617255.941120) can0 294#00009CFFFA000000
(1426617255.941376) can0 270#BF13000000000000
(1426617255.987470) can0 477#07006D7B9A001400
(1426617256.040391) can0 475#9E131A4945000000
(1426617256.040820) can0 306#1200000000000000
(1426617256.041093) can0 294#00009CFFFA000000
(1426617256.041342) can0 270#BF13000000000000
(1426617256.084459) can0 477#07006F7B9A001400
(1426617256.140384) can0 475#A2131A4945000000
(1426617256.140666) can0 306#1100000000000000
(1426617256.141015) can0 294#00009CFFFA000000
(1426617256.141271) can0 270#BF13000000000000
(1426617256.181404) can0 477#07006F7B9A001400
(1426617256.240369) can0 475#A4131A4945000000
(1426617256.240650) can0 306#1100000000000000
(1426617256.241040) can0 294#00009CFFFA000000
(1426617256.241288) can0 270#BF13000000000000
(1426617256.278390) can0 477#07006F7B9A001400
(1426617256.340290) can0 475#A8131A4945000000
(1426617256.340753) can0 306#1000000000000000
(1426617256.341008) can0 294#00009CFFFA000000
(1426617256.341251) can0 270#BF13000000000000
(1426617256.375354) can0 477#07006E7B9A001400
(1426617256.440476) can0 475#A8131A4945000000
(1426617256.440775) can0 306#1000000000000000
(1426617256.441060) can0 294#00009CFFFA000000
(1426617256.441303) can0 270#BF13000000000000
(1426617256.472287) can0 477#07006E7B9A001400
(1426617256.540429) can0 475#A6131A4945000000
(1426617256.540745) can0 306#1100000000000000
(1426617256.540995) can0 294#00009CFFFA000000
(1426617256.541241) can0 270#BF13000000000000
(1426617256.569232) can0 477#07006E7B9A001400
(1426617256.640274) can0 475#AD131A4945000000
(1426617256.640709) can0 306#1100000000000000
(1426617256.640962) can0 294#00009CFFFA000000
(1426617256.641206) can0 270#BF13000000000000
(1426617256.666241) can0 477#07006F7B9A001400
(1426617256.740194) can0 475#A0131A4945000000
(1426617256.740493) can0 306#1200000000000000
(1426617256.740839) can0 294#00009CFFFA000000
(1426617256.741100) can0 270#BF13000000000000
(1426617256.763170) can0 477#07006E7B9A001400
(1426617256.840386) can0 475#AD131A4945000000
(1426617256.840697) can0 306#1200000000000000
(1426617256.840942) can0 294#00009CFFFA000000
(1426617256.841188) can0 270#BF13000000000000
(1426617256.860156) can0 477#07006F7B9A001400
(1426617256.940344) can0 475#A2131A4945000000
(1426617256.940648) can0 306#1200000000000000
(1426617256.940904) can0 294#00009CFFFA000000
(1426617256.941148) can0 270#BF13000000000000
(1426617256.957281) can0 477#07006E7B9A001400
(1426617257.040116) can0 475#A4131A4945000000
(1426617257.040409) can0 306#1200000000000000
(1426617257.040820) can0 294#00009CFFFA000000
(1426617257.041070) can0 270#BF13000000000000
(1426617257.054102) can0 477#07006F7B9A001400
(1426617257.140320) can0 475#AD131A4945000000
(1426617257.140786) can0 306#1200000000000000
(1426617257.141027) can0 294#00009CFFFA000000
(1426617257.141275) can0 270#BF13000000000000
(1426617257.151106) can0 477#07006F7B9A001400
(1426617257.240308) can0 475#A0131A4945000000
(1426617257.240669) can0 306#1200000000000000
(1426617257.240927) can0 294#00009CFFFA000000
(1426617257.241168) can0 270#BF13000000000000
(1426617257.248057) can0 477#07006F7B9A001400
(1426617257.340269) can0 475#A2131A4945000000
(1426617257.340571) can0 306#1200000000000000
(1426617257.340850) can0 294#00009CFFFA000000
(1426617257.341122) can0 270#BF13000000000000
(1426617257.344998) can0 477#07006E7B9A001400
(1426617257.440466) can0 475#A6131A4945000000
(1426617257.440937) can0 306#1100000000000000
(1426617257.441183) can0 294#00009CFFFA000000
(1426617257.441425) can0 270#BF13000000000000
(1426617257.441911) can0 477#07006E7B9A001400
(1426617257.538922) can0 477#07006E7B9A001400
(1426617257.540439) can0 475#A8131A4945000000
(1426617257.540759) can0 306#1100000000000000
(1426617257.541035) can0 294#00009CFFFA000000
(1426617257.541279) can0 270#BF13000000000000
(1426617257.637162) can0 477#07006E7B9A001400
(1426617257.640417) can0 475#A4131A4945000000
(1426617257.640751) can0 306#1100000000000000
(1426617257.641009) can0 294#00009CFFFA000000
(1426617257.641254) can0 270#BF13000000000000
(1426617257.734036) can0 477#07006F7B9A001400
(1426617257.740390) can0 475#A4131A4945000000
(1426617257.740844) can0 306#1200000000000000
(1426617257.741106) can0 294#00009CFFFA000000
(1426617257.741351) can0 270#BF13000000000000
(1426617257.829861) can0 477#07006E7B9A001400
(1426617257.840355) can0 475#A6131A4945000000
(1426617257.840669) can0 306#1300000000000000
(1426617257.840937) can0 294#00009CFFFA000000
(1426617257.841186) can0 270#BF13000000000000
(1426617257.927100) can0 477#07006E7B9A001400
(1426617257.940310) can0 475#A0131A4945000000
(1426617257.940639) can0 306#1200000000000000
(1426617257.940911) can0 294#00009CFFFA000000
(1426617257.941156) can0 270#BF13000000000000
(1426617258.023778) can0 477#07006E7B9A001400
(1426617258.040497) can0 475#A4131A4945000000
(1426617258.040791) can0 306#1300000000000000
(1426617258.041053) can0 294#00009CFFFA000000
(1426617258.041325) can0 270#BF13000000000000
(1426617258.120764) can0 477#07006E7B9A001400
(1426617258.140279) can0 475#A9131A4945000000
(1426617258.140668) can0 306#1300000000000000
(1426617258.140939) can0 294#00009CFFFA000000
(1426617258.141184) can0 270#BF13000000000000
(1426617258.217717) can0 477#07006F7B9A001400
(1426617258.240453) can0 475#A6131A4945000000
(1426617258.240775) can0 306#1300000000000000
(1426617258.241032) can0 294#00009CFFFA000000
(1426617258.241277) can0 270#BF13000000000000
(1426617258.314741) can0 477#07006F7B9A001400
(1426617258.340435) can0 475#AB131A4945000000
(1426617258.340740) can0 306#1200000000000000
(1426617258.340996) can0 294#00009CFFFA000000
(1426617258.341239) can0 270#BF13000000000000
(1426617258.411684) can0 477#07006E7B9A001400
(1426617258.440424) can0 475#A2131A4945000000
(1426617258.440720) can0 306#1300000000000000
(1426617258.440971) can0 294#00009CFFFA000000
(1426617258.441219) can0 270#BF13000000000000
(1426617258.508651) can0 477#07006F7B9A001400
(1426617258.540354) can0 475#A8131A4945000000
(1426617258.540650) can0 306#1300000000000000
(1426617258.540926) can0 294#00009CFFFA000000
(1426617258.541176) can0 270#BF13000000000000
(1426617258.605605) can0 477#07006E7B9A001400
(1426617258.640339) can0 475#A6131A4945000000
(1426617258.640653) can0 306#1300000000000000
(1426617258.640901) can0 294#00009CFFFA000000
(1426617258.641150) can0 270#BF13000000000000
(1426617258.702574) can0 477#07006F7B9A001400
(1426617258.740327) can0 475#9E131A4945000000
(1426617258.740650) can0 306#1200000000000000
(1426617258.740896) can0 294#00009CFFFA000000
(1426617258.741138) can0 270#BF13000000000000
(1426617258.799556) can0 477#07006F7B9A001400
(1426617258.840574) can0 475#A4131A4945000000
(1426617258.840868) can0 306#1200000000000000
(1426617258.841133) can0 294#00009CFFFA000000
(1426617258.841516) can0 270#BF13000000000000
(1426617258.896509) can0 477#07006E7B9A001400
(1426617258.940509) can0 475#A6131A4945000000
(1426617258.940800) can0 306#1100000000000000
(1426617258.941074) can0 294#00009CFFFA000000
(1426617258.941345) can0 270#BF13000000000000
(1426617258.993497) can0 477#07006F7B9A001400
(1426617259.040527) can0 475#AD131A4945000000
(1426617259.040908) can0 306#1000000000000000
(1426617259.041171) can0 294#00009CFFFA000000
(1426617259.041442) can0 270#BF13000000000000
(1426617259.090457) can0 477#07006E7B9A001400
(1426617259.140488) can0 475#A0131A4945000000
(1426617259.140868) can0 306#1000000000000000
(1426617259.141139) can0 294#00009CFFFA000000
(1426617259.141391) can0 270#BF13000000000000
(1426617259.187463) can0 477#07006F7B9A001400
(1426617259.240435) can0 475#A0131A4945000000
(1426617259.240822) can0 306#0F00000000000000
(1426617259.241105) can0 294#00009CFFFA000000
(1426617259.241355) can0 270#BF13000000000000
(1426617259.284406) can0 477#07006E7B9A001400
(1426617259.340414) can0 475#A6131A4945000000
(1426617259.340692) can0 306#0F00000000000000
(1426617259.341080) can0 294#00009CFFFA000000
(1426617259.341328) can0 270#BF13000000000000
(1426617259.381314) can0 477#07006F7B9A001400
(1426617259.440386) can0 475#A2131A4945000000
(1426617259.440670) can0 306#0F00000000000000
(1426617259.441071) can0 294#00009CFFFA000000
(1426617259.441327) can0 270#BF13000000000000
(1426617259.478370) can0 477#07006E7B9A001400
(1426617259.540334) can0 475#9E131A4945000000
(1426617259.540823) can0 306#0F00000000000000
(1426617259.541074) can0 294#00009CFFFA000000
(1426617259.541319) can0 270#BF13000000000000
(1426617259.575337) can0 477#07006F7B9A001400
(1426617259.640307) can0 475#AD131A4945000000
(1426617259.640693) can0 306#1000000000000000
(1426617259.640983) can0 294#00009CFFFA000000
(1426617259.641238) can0 270#BF13000000000000
(1426617259.672426) can0 477#07006F7B9A001400
(1426617259.740290) can0 475#A8131A4945000000
(1426617259.740728) can0 306#1000000000000000
(1426617259.740975) can0 294#00009CFFFA000000
(1426617259.741217) can0 270#BF13000000000000
(1426617259.769226) can0 477#06006F7B9A001400
(1426617259.840227) can0 475#A0131A4945000000
(1426617259.840704) can0 306#1100000000000000
(1426617259.840952) can0 294#00009CFFFA000000
(1426617259.841201) can0 270#BF13000000000000
(1426617259.866206) can0 477#07006F7B9A001400
(1426617259.940444) can0 475#A9131A4945000000
(1426617259.940721) can0 306#1200000000000000
(1426617259.940966) can0 294#00009CFFFA000000
(1426617259.941207) can0 270#BF13000000000000
(1426617259.963189) can0 477#07006E7B9A001400
(1426617260.040198) can0 475#9E131A4945000000
(1426617260.040638) can0 306#1200000000000000
(1426617260.040897) can0 294#00009CFFFA000000
(1426617260.041151) can0 270#BF13000000000000
(1426617260.060121) can0 477#07006F7B9A001400
(1426617260.140390) can0 475#A8131A4945000000
(1426617260.140673) can0 306#1200000000000000
(1426617260.140917) can0 294#00009CFFFA000000
(1426617260.141165) can0 270#BF13000000000000
(1426617260.157121) can0 477#07006E7B9A001400
(1426617260.240148) can0 475#A4131A4945000000
(1426617260.240434) can0 306#1100000000000000
(1426617260.240796) can0 294#00009CFFFA000000
(1426617260.241052) can0 270#BF13000000000000
(1426617260.254409) can0 477#07006F7B9A001400
(1426617260.340343) can0 475#B1131A4945000000
(1426617260.340634) can0 306#1200000000000000
(1426617260.340892) can0 294#00009CFFFA000000
(1426617260.341147) can0 270#BF13000000000000
(1426617260.351015) can0 477#07006E7B9A001400
(1426617260.440279) can0 475#A4131A4945000000
(1426617260.440637) can0 306#1100000000000000
(1426617260.440930) can0 294#00009CFFFA000000
(1426617260.441190) can0 270#BF13000000000000
(1426617260.448035) can0 477#07006E7B9A001400
(1426617260.540465) can0 475#A8131A4945000000
(1426617260.540758) can0 306#1100000000000000
(1426617260.541013) can0 294#00009CFFFA000000
(1426617260.541259) can0 270#BF13000000000000
(1426617260.546283) can0 477#07006E7B9A001400
(1426617260.640488) can0 475#A8131A4945000000
(1426617260.640779) can0 306#1100000000000000
(1426617260.641030) can0 294#00009CFFFA000000
(1426617260.641277) can0 270#BF13000000000000
(1426617260.641981) can0 477#07006E7B9A001400
(1426617260.738891) can0 477#07006F7B9A001400
(1426617260.740358) can0 475#A4131A4945000000
(1426617260.740647) can0 306#1100000000000000
(1426617260.740912) can0 294#00009CFFFA000000
(1426617260.741171) can0 270#BF13000000000000
(1426617260.836681) can0 477#07006D7B9A001400
(1426617260.840382) can0 475#9E131A4945000000
(1426617260.840678) can0 306#1100000000000000
(1426617260.840936) can0 294#00009CFFFA000000
(1426617260.841200) can0 270#BF13000000000000
(1426617260.933084) can0 477#06006E7B9A001400
(1426617260.940345) can0 475#A2131A4945000000
(1426617260.940638) can0 306#1100000000000000
(1426617260.940888) can0 294#00009CFFFA000000
(1426617260.941134) can0 270#BF13000000000000
(1426617261.029845) can0 477#07006E7B9A001400
(1426617261.040344) can0 475#A9131A4945000000
(1426617261.040638) can0 306#1000000000000000
(1426617261.041185) can0 270#BF13000000000000
(1426617261.041416) can0 294#00009CFFFA000000
(1426617261.126798) can0 477#07006E7B9A001400
(1426617261.140338) can0 475#AB131A4945000000
(1426617261.140635) can0 306#1100000000000000
(1426617261.140881) can0 294#00009CFFFA000000
(1426617261.141128) can0 270#BF13000000000000
(1426617261.224468) can0 477#07006F7B9A001400
(1426617261.240304) can0 475#A2131A4945000000
(1426617261.240603) can0 306#1100000000000000
(1426617261.240862) can0 294#00009CFFFA000000
(1426617261.241116) can0 270#BF13000000000000
(1426617261.320730) can0 477#07006E7B9A001400
(1426617261.340505) can0 475#AB131A4945000000
(1426617261.340784) can0 306#1100000000000000
(1426617261.341057) can0 294#00009CFFFA000000
(1426617261.341306) can0 270#BF13000000000000
(1426617261.417695) can0 477#07006F7B9A001400
(1426617261.440482) can0 475#A6131A4945000000
(1426617261.440784) can0 306#1100000000000000
(1426617261.441029) can0 294#00009CFFFA000000
(1426617261.441290) can0 270#BF13000000000000
(1426617261.514667) can0 477#07006F7B9A001400
(1426617261.540425) can0 475#AD131A4945000000
(1426617261.540706) can0 306#1200000000000000
(1426617261.540965) can0 294#00009CFFFA000000
(1426617261.541221) can0 270#BF13000000000000
(1426617261.611762) can0 477#07006F7B9A001400
(1426617261.640383) can0 475#A6131A4945000000
(1426617261.640704) can0 306#1200000000000000
(1426617261.640978) can0 294#00009CFFFA000000
(1426617261.641224) can0 270#BF13000000000000
(1426617261.708616) can0 477#07006F7B9A001400
(1426617261.740364) can0 475#B3131A4945000000
(1426617261.740699) can0 306#1200000000000000
(1426617261.740946) can0 294#00009CFFFA000000
(1426617261.741191) can0 270#BF13000000000000
(1426617261.805595) can0 477#07006E7B9A001400
(1426617261.840392) can0 475#A0131A4945000000
(1426617261.840692) can0 306#1200000000000000
(1426617261.840942) can0 294#00009CFFFA000000
(1426617261.841186) can0 270#BF13000000000000
(1426617261.902531) can0 477#07006E7B9A001400
(1426617261.940465) can0 475#A6131A4945000000
(1426617261.940779) can0 306#1200000000000000
(1426617261.941040) can0 294#00009CFFFA000000
(1426617261.941306) can0 270#BF13000000000000
(1426617261.999513) can0 477#07006E7B9A001400
(1426617262.040539) can0 475#9C131A4945000000
(1426617262.040832) can0 306#1200000000000000
(1426617262.041082) can0 294#00009CFFFA000000
(1426617262.041337) can0 270#BF13000000000000
(1426617262.096509) can0 477#07006E7B9A001400
(1426617262.140550) can0 475#A2131A4945000000
(1426617262.140921) can0 306#1200000000000000
(1426617262.141176) can0 294#00009CFFFA000000
(1426617262.141432) can0 270#BF13000000000000
(1426617262.193496) can0 477#07006E7B9A001400
(1426617262.240476) can0 475#A4131A4945000000
(1426617262.240943) can0 306#1200000000000000
(1426617262.241197) can0 294#00009CFFFA000000
(1426617262.241439) can0 270#BF13000000000000
(1426617262.290445) can0 477#07006E7B9A001400
(1426617262.340495) can0 475#A9131A4945000000
(1426617262.340912) can0 306#1100000000000000
(1426617262.341169) can0 294#00009CFFFA000000
(1426617262.341411) can0 270#BF13000000000000
(1426617262.387417) can0 477#07006E7B9A001400
(1426617262.440449) can0 475#A4131A4945000000
(1426617262.440910) can0 306#1100000000000000
(1426617262.441160) can0 294#00009CFFFA000000
(1426617262.441409) can0 270#BF13000000000000
(1426617262.484383) can0 477#07006F7B9A001400
(1426617262.540413) can0 475#A6131A4945000000
(1426617262.540846) can0 306#1100000000000000
(1426617262.541098) can0 294#00009CFFFA000000
(1426617262.541340) can0 270#BF13000000000000
(1426617262.581329) can0 477#07006F7B9A001400
(1426617262.640397) can0 475#A8131A4945000000
(1426617262.640678) can0 306#1100000000000000
(1426617262.641096) can0 294#00009CFFFA000000
(1426617262.641350) can0 270#BF13000000000000
(1426617262.678308) can0 477#07006F7B9A001400
(1426617262.740407) can0 475#A4131A4945000000
(1426617262.740810) can0 306#1100000000000000
(1426617262.741088) can0 294#00009CFFFA000000
(1426617262.741337) can0 270#BF13000000000000
(1426617262.775258) can0 477#07006E7B9A001400
(1426617262.840356) can0 475#A2131A4945000000
(1426617262.841052) can0 306#1100000000000000
(1426617262.841485) can0 270#BF13000000000000
(1426617262.872253) can0 477#07006D7B9A001400
(1426617262.940326) can0 475#A0131A4945000000
(1426617262.940703) can0 306#1000000000000000
(1426617262.940963) can0 294#00009CFFFA000000
(1426617262.941218) can0 270#BF13000000000000
(1426617262.969224) can0 477#07006F7B9A001400
(1426617263.040256) can0 475#A8131A4945000000
(1426617263.040720) can0 306#0F00000000000000
(1426617263.040970) can0 294#00009CFFFA000000
(1426617263.041210) can0 270#BF13000000000000
(1426617263.066257) can0 477#06006F7B9A001400
(1426617263.140261) can0 475#A4131A4945000000
(1426617263.140637) can0 306#0F00000000000000
(1426617263.140895) can0 294#00009CFFFA000000
(1426617263.141151) can0 270#BF13000000000000
(1426617263.163163) can0 477#07006E7B9A001400
(1426617263.240230) can0 475#A9131A4945000000
(1426617263.240607) can0 306#0F00000000000000
(1426617263.240862) can0 294#00009CFFFA000000
(1426617263.241119) can0 270#BF13000000000000
(1426617263.260142) can0 477#07006E7B9A001400
(1426617263.340418) can0 475#A4131A4945000000
(1426617263.340686) can0 306#0E00000000000000
(1426617263.340927) can0 294#00009CFFFA000000
(1426617263.341162) can0 270#BF13000000000000
(1426617263.357067) can0 477#07006F7B9A001400
(1426617263.440341) can0 475#A4131A4945000000
(1426617263.440634) can0 306#0E00000000000000
(1426617263.440876) can0 294#00009CFFFA000000
(1426617263.441123) can0 270#BF13000000000000
(1426617263.454044) can0 477#07006E7B9A001400
(1426617263.540324) can0 475#AB131A4945000000
(1426617263.540755) can0 306#0E00000000000000
(1426617263.541032) can0 294#00009CFFFA000000
(1426617263.541283) can0 270#BF13000000000000
(1426617263.551189) can0 477#07006F7B9A001400
(1426617263.640332) can0 475#A2131A4945000000
(1426617263.640613) can0 306#0E00000000000000
(1426617263.641009) can0 294#00009CFFFA000000
(1426617263.641258) can0 270#BF13000000000000
(1426617263.648012) can0 477#07006E7B9A001400
(1426617263.740571) can0 475#AB131A4945000000
(1426617263.740887) can0 306#0E00000000000000
(1426617263.741138) can0 294#00009CFFFA000000
(1426617263.741377) can0 270#BF13000000000000
(1426617263.744967) can0 477#07006E7B9A001400
(1426617263.840533) can0 475#AD131A4945000000
(1426617263.840825) can0 306#0E00000000000000
(1426617263.841075) can0 294#00009CFFFA000000
(1426617263.841315) can0 270#BF13000000000000
(1426617263.842552) can0 477#07006F7B9A001400
(1426617263.938927) can0 477#07006E7B9A001400
(1426617263.940451) can0 475#A4131A4945000000
(1426617263.940752) can0 306#0E00000000000000
(1426617263.941006) can0 294#00009CFFFA000000
(1426617263.941248) can0 270#BF13000000000000
(1426617264.035855) can0 477#07006E7B9A001400
(1426617264.040393) can0 475#A9131A4945000000
(1426617264.040695) can0 306#0E00000000000000
(1426617264.040954) can0 294#00009CFFFA000000
(1426617264.041217) can0 270#BF13000000000000
(1426617264.133319) can0 477#07006F7B9A001400
(1426617264.140396) can0 475#A8131A4945000000
(1426617264.140694) can0 306#0F00000000000000
(1426617264.140948) can0 294#00009CFFFA000000
(1426617264.141223) can0 270#BF13000000000000
(1426617264.229778) can0 477#07006F7B9A001400
(1426617264.240363) can0 475#A2131A4945000000
(1426617264.240658) can0 306#0F00000000000000
(1426617264.240914) can0 294#00009CFFFA000000
(1426617264.241157) can0 270#BF13000000000000
(1426617264.326747) can0 477#07006F7B9A001400
(1426617264.340752) can0 475#A8131A4945000000
(1426617264.341068) can0 306#0F00000000000000
(1426617264.341318) can0 294#00009CFFFA000000
(1426617264.341558) can0 270#BF13000000000000
(1426617264.423740) can0 477#07006E7B9A001400
(1426617264.440828) can0 475#9E131A4945000000
(1426617264.441111) can0 306#0F00000000000000
(1426617264.441367) can0 294#00009CFFFA000000
(1426617264.441632) can0 270#BF13000000000000
(1426617264.520696) can0 477#07006F7B9A001400
(1426617264.540767) can0 475#A6131A4945000000
(1426617264.541058) can0 306#0F00000000000000
(1426617264.541317) can0 294#00009CFFFA000000
(1426617264.541563) can0 270#BF13000000000000
(1426617264.617656) can0 477#07006E7B9A001400
(1426617264.640776) can0 475#A4131A4945000000
(1426617264.641077) can0 306#1000000000000000
(1426617264.641334) can0 294#00009CFFFA000000
(1426617264.641594) can0 270#BF13000000000000
(1426617264.714667) can0 477#07006F7B9A001400
(1426617264.740711) can0 475#A0131A4945000000
(1426617264.741025) can0 306#1000000000000000
(1426617264.741267) can0 294#00009CFFFA000000
(1426617264.741507) can0 270#BF13000000000000
(1426617264.811645) can0 477#07006E7B9A001400
(1426617264.840676) can0 475#9E131A4945000000
(1426617264.840977) can0 306#1000000000000000
(1426617264.841228) can0 294#00009CFFFA000000
(1426617264.841472) can0 270#BF13000000000000
(1426617264.908609) can0 477#07006E7B9A001400
(1426617264.940653) can0 475#A4131A4945000000
(1426617264.940948) can0 306#1000000000000000
(1426617264.941201) can0 294#00009CFFFA000000
(1426617264.941439) can0 270#BF13000000000000
(1426617265.005557) can0 477#07006F7B9A001400
(1426617265.040626) can0 475#A6131A4945000000
(1426617265.040921) can0 306#1000000000000000
(1426617265.041185) can0 294#00009CFFFA000000
(1426617265.041441) can0 270#BF13000000000000
(1426617265.102568) can0 477#07006E7B9A001400
(1426617265.130704) can0 475#9C131A4945000000
(1426617265.130981) can0 306#1100000000000000
(1426617265.131228) can0 294#00009CFFFA000000
(1426617265.131468) can0 270#BF13000000000000
(1426617265.199501) can0 477#07006E7B9A001400
(1426617265.230620) can0 475#9C131A4945000000
(1426617265.231000) can0 306#1100000000000000
(1426617265.231258) can0 294#00009CFFFA000000
(1426617265.231554) can0 270#BF13000000000000
(1426617265.296482) can0 477#07006E7B9A001400
(1426617265.330763) can0 475#A6131A4945000000
(1426617265.331028) can0 306#1000000000000000
(1426617265.331270) can0 294#00009CFFFA000000
(1426617265.331516) can0 270#BF13000000000000
(1426617265.393457) can0 477#07006E7B9A001400
(1426617265.430762) can0 475#98131A4945000000
(1426617265.431049) can0 306#1000000000000000
(1426617265.431303) can0 294#00009CFFFA000000
(1426617265.431550) can0 270#BF13000000000000
(1426617265.490576) can0 477#07006F7B9A001400
(1426617265.530778) can0 475#A2131A4945000000
(1426617265.531051) can0 306#1000000000000000
(1426617265.531302) can0 294#00009CFFFA000000
(1426617265.531576) can0 270#BF13000000000000
(1426617265.587376) can0 477#07006F7B9A001400
(1426617265.630494) can0 475#A4131A4945000000
(1426617265.630887) can0 306#1000000000000000
(1426617265.631139) can0 294#00009CFFFA000000
(1426617265.631419) can0 270#BF13000000000000
(1426617265.684350) can0 477#07006E7B9A001400
(1426617265.730679) can0 475#A6131A4945000000
(1426617265.730988) can0 306#1000000000000000
(1426617265.731237) can0 294#00009CFFFA000000
(1426617265.731477) can0 270#BF13000000000000
(1426617265.781313) can0 477#07006F7B9A001400
(1426617265.830540) can0 475#9C131A4945000000
(1426617265.830867) can0 306#0F00000000000000
(1426617265.831114) can0 294#00009CFFFA000000
(1426617265.831622) can0 270#BF13000000000000
(1426617265.878258) can0 477#07006F7B9A001400
(1426617265.930409) can0 475#A2131A4945000000
(1426617265.930727) can0 306#0F00000000000000
(1426617265.931075) can0 294#00009CFFFA000000
(1426617265.931314) can0 270#BF13000000000000
(1426617265.975230) can0 477#06006E7B9A001400
(1426617266.030537) can0 475#9E131A4945000000
(1426617266.030841) can0 306#0E00000000000000
(1426617266.031087) can0 294#00009CFFFA000000
(1426617266.031332) can0 270#BF13000000000000
(1426617266.072250) can0 477#07006E7B9A001400
(1426617266.130558) can0 475#98131A4945000000
(1426617266.130846) can0 306#0E00000000000000
(1426617266.131097) can0 294#00009CFFFA000000
(1426617266.131338) can0 270#BF13000000000000
(1426617266.169170) can0 477#07006F7B9A001400
