(1424108136.881167) can0 475#B513184945000000
(1424108136.881361) can0 270#D01300000000
(1424108136.981245) can0 475#B513184945000000
(1424108136.981597) can0 306#0A00000000000000
(1424108136.981835) can0 294#00009CFFFA000000
(1424108136.982058) can0 270#D01300000000
(1424108137.081195) can0 475#AB13184945000000
(1424108137.081411) can0 270#CF1300000000
(1424108137.181210) can0 475#A813184945000000
(1424108137.181400) can0 270#CF1300000000
(1424108137.281080) can0 475#B313184945000000
(1424108137.281443) can0 306#0C00000000000000
(1424108137.281732) can0 294#00009CFFFA000000
(1424108137.282039) can0 270#CF1300000000
(1424108137.381054) can0 475#B313184945000000
(1424108137.381387) can0 270#CF1300000000
(1424108137.481163) can0 475#AD13184945000000
(1424108137.481568) can0 270#CF1300000000
(1424108137.581122) can0 475#AF13184945000000
(1424108137.581427) can0 306#0D00000000000000
(1424108137.581814) can0 294#00009CFFFA000000
(1424108137.582063) can0 270#CF1300000000
(1424108137.681305) can0 475#B313184945000000
(1424108137.681619) can0 270#D01300000000
(1424108137.781272) can0 475#B113184945000000
(1424108137.781578) can0 270#CF1300000000
(1424108137.881063) can0 475#B113184945000000
(1424108137.881359) can0 306#0D00000000000000
(1424108137.881758) can0 294#00009CFFFA000000
(1424108137.882172) can0 270#CF1300000000
(1424108137.981246) can0 475#BB13184945000000
(1424108137.981668) can0 270#CF1300000000
(1424108138.081008) can0 475#AD13184945000000
(1424108138.081318) can0 270#CF1300000000
(1424108138.181188) can0 475#AD13184945000000
(1424108138.181494) can0 306#0D00000000000000
(1424108138.181753) can0 294#00009CFFFA000000
(1424108138.181950) can0 270#CF1300000000
(1424108138.280967) can0 475#B113184945000000
(1424108138.281393) can0 270#D01300000000
(1424108138.380967) can0 475#AD13184945000000
(1424108138.381395) can0 270#CF1300000000
(1424108138.480881) can0 475#AD13184945000000
(1424108138.481181) can0 306#0D00000000000000
(1424108138.481567) can0 294#00009CFFFA000000
(1424108138.481855) can0 270#CF1300000000
(1424108138.581061) can0 475#A913184945000000
(1424108138.581357) can0 270#CF1300000000
(1424108138.681015) can0 475#B513184945000000
(1424108138.681325) can0 270#D01300000000
(1424108138.780990) can0 475#C113184945000000
(1424108138.781304) can0 306#0C00000000000000
(1424108138.781586) can0 294#00009CFFFA000000
(1424108138.781838) can0 270#D01300000000
(1424108138.880995) can0 475#AD13184945000000
(1424108138.881287) can0 270#CF1300000000
(1424108138.981040) can0 475#B313184945000000
(1424108138.981457) can0 270#CF1300000000
(1424108139.080966) can0 475#AF13184945000000
(1424108139.081282) can0 306#0E00000000000000
(1424108139.081669) can0 294#00009CFFFA000000
(1424108139.081956) can0 270#CF1300000000
(1424108139.181165) can0 475#AD13184945000000
(1424108139.181475) can0 270#CF1300000000
(1424108139.281157) can0 475#B313184945000000
(1424108139.281449) can0 270#D01300000000
(1424108139.381106) can0 475#B313184945000000
(1424108139.381441) can0 306#0F00000000000000
(1424108139.381684) can0 294#00009CFFFA000000
(1424108139.381924) can0 270#CF1300000000
(1424108139.481104) can0 475#B913184945000000
(1424108139.481398) can0 270#CF1300000000
(1424108139.581083) can0 475#AB13184945000000
(1424108139.581386) can0 270#CF1300000000
(1424108139.681021) can0 475#A913184945000000
(1424108139.681368) can0 306#0F00000000000000
(1424108139.681613) can0 294#00009CFFFA000000
(1424108139.681853) can0 270#CF1300000000
(1424108139.781046) can0 475#B913184945000000
(1424108139.781365) can0 270#CF1300000000
(1424108139.881209) can0 475#B313184945000000
(1424108139.881514) can0 270#CF1300000000
(1424108139.981391) can0 475#AD13184945000000
(1424108139.981715) can0 306#1000000000000000
(1424108139.981965) can0 294#00009CFFFA000000
(1424108139.982210) can0 270#CF1300000000
(1424108140.081399) can0 475#B113184945000000
(1424108140.081710) can0 270#CF1300000000
(1424108140.181364) can0 475#AD13184945000000
(1424108140.181670) can0 270#D01300000000
(1424108140.281308) can0 475#A913184945000000
(1424108140.281622) can0 306#1000000000000000
(1424108140.281901) can0 294#00009CFFFA000000
(1424108140.282537) can0 270#CF1300000000
(1424108140.381124) can0 475#A813184945000000
(1424108140.381445) can0 270#CF1300000000
(1424108140.481280) can0 475#B313184945000000
(1424108140.481575) can0 270#CF1300000000
(1424108140.581341) can0 475#B713184945000000
(1424108140.581647) can0 306#1000000000000000
(1424108140.581952) can0 294#00009CFFFA000000
(1424108140.582211) can0 270#CF1300000000
(1424108140.681346) can0 475#BB13184945000000
(1424108140.681749) can0 270#CF1300000000
(1424108140.781488) can0 475#AB13184945000000
(1424108140.781776) can0 270#CF1300000000
(1424108140.881268) can0 475#B913184945000000
(1424108140.881548) can0 306#0F00000000000000
(1424108140.881902) can0 294#00009CFFFA000000
(1424108140.882173) can0 270#CF1300000000
(1424108140.981232) can0 475#B513184945000000
(1424108140.981648) can0 270#CF1300000000
(1424108141.081252) can0 475#B113184945000000
(1424108141.081685) can0 270#CF1300000000
(1424108141.181411) can0 475#B313184945000000
(1424108141.181703) can0 306#0F00000000000000
(1424108141.181950) can0 294#00009CFFFA000000
(1424108141.182321) can0 270#D01300000000
(1424108141.281169) can0 475#AF13184945000000
(1424108141.281448) can0 270#D01300000000
(1424108141.381173) can0 475#B513184945000000
(1424108141.381582) can0 270#CF1300000000
(1424108141.481108) can0 475#B713184945000000
(1424108141.481495) can0 306#0F00000000000000
(1424108141.481754) can0 294#00009CFFFA000000
(1424108141.481993) can0 270#CF1300000000
(1424108141.581286) can0 475#B713184945000000
(1424108141.581608) can0 270#CF1300000000
(1424108141.681256) can0 475#B513184945000000
(1424108141.681545) can0 270#CF1300000000
(1424108141.781053) can0 475#AB13184945000000
(1424108141.781489) can0 306#1000000000000000
(1424108141.781740) can0 294#00009CFFFA000000
(1424108141.781984) can0 270#CF1300000000
(1424108141.881232) can0 475#A413184945000000
(1424108141.881511) can0 270#CF1300000000
(1424108141.981025) can0 475#B713184945000000
(1424108141.981455) can0 270#CF1300000000
(1424108142.081217) can0 475#AF13184945000000
(1424108142.081561) can0 306#0F00000000000000
(1424108142.081809) can0 294#00009CFFFA000000
(1424108142.082054) can0 270#CF1300000000
(1424108142.181153) can0 475#B513184945000000
(1424108142.181444) can0 270#CF1300000000
(1424108142.281328) can0 475#B313184945000000
(1424108142.281611) can0 270#CF1300000000
(1424108142.381344) can0 475#B513184945000000
(1424108142.381651) can0 306#0F00000000000000
(1424108142.381901) can0 270#CF1300000000
(1424108142.382098) can0 294#00009CFFFA000000
(1424108142.481347) can0 475#B713184945000000
(1424108142.481636) can0 270#CF1300000000
(1424108142.581279) can0 475#B913184945000000
(1424108142.581567) can0 270#CF1300000000
(1424108142.681269) can0 475#B513184945000000
(1424108142.681567) can0 306#0F00000000000000
(1424108142.681817) can0 294#00009CFFFA000000
(1424108142.682011) can0 270#CF1300000000
(1424108142.781253) can0 475#BB13184945000000
(1424108142.781672) can0 270#CF1300000000
(1424108142.881241) can0 475#B513184945000000
(1424108142.881538) can0 270#CF1300000000
(1424108142.981171) can0 475#B713184945000000
(1424108142.981666) can0 306#1000000000000000
(1424108142.981918) can0 294#00009CFFFA000000
(1424108142.982160) can0 270#CF1300000000
(1424108143.081393) can0 475#B313184945000000
(1424108143.081715) can0 270#CF1300000000
(1424108143.181584) can0 475#B513184945000000
(1424108143.181879) can0 270#CF1300000000
(1424108143.281339) can0 475#B713184945000000
(1424108143.281656) can0 306#1000000000000000
(1424108143.281917) can0 294#00009CFFFA000000
(1424108143.282158) can0 270#CF1300000000
(1424108143.381362) can0 475#B913184945000000
(1424108143.381674) can0 270#CF1300000000
(1424108143.481502) can0 475#AD13184945000000
(1424108143.481795) can0 270#CF1300000000
(1424108143.581275) can0 475#B313184945000000
(1424108143.581601) can0 306#0F00000000000000
(1424108143.581853) can0 294#00009CFFFA000000
(1424108143.582130) can0 270#CF1300000000
(1424108143.681408) can0 475#B713184945000000
(1424108143.681726) can0 270#CF1300000000
