(1430319901.937149) can0 475#C9131D4945000000
(1430319901.937388) can0 306#1B00000000000000
(1430319901.937654) can0 294#00009CFFFA000000
(1430319901.937875) can0 270#E313000000000000
(1430319901.968557) can0 477#0700517C61001400
(1430319902.037179) can0 475#C7131D4945000000
(1430319902.037391) can0 306#1B00000000000000
(1430319902.037610) can0 294#00009CFFFA000000
(1430319902.037878) can0 270#E313000000000000
(1430319902.066616) can0 477#0700507C61001400
(1430319902.137126) can0 475#C3131D4945000000
(1430319902.137315) can0 306#1B00000000000000
(1430319902.137531) can0 294#00009CFFFA000000
(1430319902.137803) can0 270#E313000000000000
(1430319902.162338) can0 477#0700517C61001400
(1430319902.237177) can0 475#C7131D4945000000
(1430319902.237649) can0 306#1B00000000000000
(1430319902.237910) can0 294#00009CFFFA000000
(1430319902.238156) can0 270#E413000000000000
(1430319902.259251) can0 477#0700507C61001400
(1430319902.337539) can0 475#C7131D4945000000
(1430319902.337828) can0 306#1B00000000000000
(1430319902.338073) can0 294#00009CFFFA000000
(1430319902.338313) can0 270#E413000000000000
(1430319902.356427) can0 477#0700507C61001400
(1430319902.437552) can0 475#CD131D4945000000
(1430319902.437868) can0 306#1A00000000000000
(1430319902.438136) can0 294#00009CFFFA000000
(1430319902.438406) can0 270#E313000000000000
(1430319902.453246) can0 477#0700507C61001400
(1430319902.537554) can0 475#C1131D4945000000
(1430319902.537946) can0 306#1A00000000000000
(1430319902.538222) can0 294#00009CFFFA000000
(1430319902.538468) can0 270#E313000000000000
(1430319902.550234) can0 477#0700507C61001400
(1430319902.637491) can0 475#CF131D4945000000
(1430319902.637800) can0 306#1B00000000000000
(1430319902.638051) can0 294#00009CFFFA000000
(1430319902.638299) can0 270#E313000000000000
(1430319902.647186) can0 477#0700507C61001400
(1430319902.737504) can0 475#CB131D4945000000
(1430319902.737925) can0 306#1B00000000000000
(1430319902.738182) can0 294#00009CFFFA000000
(1430319902.738428) can0 270#E313000000000000
(1430319902.744125) can0 477#07004F7C61001400
(1430319902.837376) can0 475#C7131D4945000000
(1430319902.837743) can0 306#1B00000000000000
(1430319902.837998) can0 294#00009CFFFA000000
(1430319902.838242) can0 270#E313000000000000
(1430319902.841050) can0 477#0700507C61001400
(1430319902.937393) can0 475#CD131D4945000000
(1430319902.937716) can0 306#1C00000000000000
(1430319902.937968) can0 294#00009CFFFA000000
(1430319902.938214) can0 477#0700507C61001400
(1430319902.938461) can0 270#E313000000000000
(1430319903.035082) can0 477#0700507C61001400
(1430319903.037392) can0 475#C9131D4945000000
(1430319903.037842) can0 306#1C00000000000000
(1430319903.038113) can0 294#00009CFFFA000000
(1430319903.038364) can0 270#E313000000000000
(1430319903.132006) can0 477#0700507C61001400
(1430319903.137345) can0 475#C7131D4945000000
(1430319903.137796) can0 306#1C00000000000000
(1430319903.138049) can0 294#00009CFFFA000000
(1430319903.138295) can0 270#E313000000000000
(1430319903.228952) can0 477#0700507C61001400
(1430319903.237498) can0 475#CD131D4945000000
(1430319903.237788) can0 306#1C00000000000000
(1430319903.238039) can0 294#00009CFFFA000000
(1430319903.238319) can0 270#E313000000000000
(1430319903.325975) can0 477#0700517C61001400
(1430319903.337492) can0 475#C7131D4945000000
(1430319903.337782) can0 306#1C00000000000000
(1430319903.338030) can0 294#00009CFFFA000000
(1430319903.338277) can0 270#E313000000000000
(1430319903.422957) can0 477#0700507C61001400
(1430319903.437525) can0 475#C1131D4945000000
(1430319903.437866) can0 306#1C00000000000000
(1430319903.438124) can0 294#00009CFFFA000000
(1430319903.438407) can0 270#E313000000000000
(1430319903.519873) can0 477#0700517C61001400
(1430319903.537451) can0 475#CF131D4945000000
(1430319903.537743) can0 306#1C00000000000000
(1430319903.537997) can0 294#00009CFFFA000000
(1430319903.538243) can0 270#E313000000000000
(1430319903.616854) can0 477#0700507C61001400
(1430319903.637437) can0 475#C9131D4945000000
(1430319903.637733) can0 306#1C00000000000000
(1430319903.638000) can0 294#00009CFFFA000000
(1430319903.638285) can0 270#E313000000000000
(1430319903.713796) can0 477#0700507C61001400
(1430319903.737323) can0 475#CF131D4945000000
(1430319903.737674) can0 306#1C00000000000000
(1430319903.737930) can0 294#00009CFFFA000000
(1430319903.738179) can0 270#E413000000000000
(1430319903.810773) can0 477#0700507C61001400
(1430319903.837337) can0 475#C3131D4945000000
(1430319903.837687) can0 306#1C00000000000000
(1430319903.837967) can0 294#00009CFFFA000000
(1430319903.838235) can0 270#E413000000000000
(1430319903.907782) can0 477#0700507C61001400
(1430319903.937342) can0 475#C9131D4945000000
(1430319903.937659) can0 306#1C00000000000000
(1430319903.937935) can0 294#00009CFFFA000000
(1430319903.938192) can0 270#E413000000000000
(1430319904.004691) can0 477#0700507C61001400
(1430319904.037298) can0 475#C7131D4945000000
(1430319904.037617) can0 306#1C00000000000000
(1430319904.037871) can0 294#00009CFFFA000000
(1430319904.038118) can0 270#E313000000000000
(1430319904.101702) can0 477#0700507C61001400
(1430319904.137266) can0 475#C5131D4945000000
(1430319904.137548) can0 306#1B00000000000000
(1430319904.137796) can0 294#00009CFFFA000000
(1430319904.138042) can0 270#E313000000000000
(1430319904.198741) can0 477#0700517C61001400
(1430319904.237289) can0 475#CF131D4945000000
(1430319904.237602) can0 306#1A00000000000000
(1430319904.237853) can0 294#00009CFFFA000000
(1430319904.238100) can0 270#E313000000000000
(1430319904.295781) can0 477#0700517C61001400
(1430319904.337217) can0 475#CD131D4945000000
(1430319904.337513) can0 306#1B00000000000000
(1430319904.337763) can0 294#00009CFFFA000000
(1430319904.338012) can0 270#E413000000000000
(1430319904.392599) can0 477#0700507C61001400
(1430319904.437214) can0 475#C9131D4945000000
(1430319904.437513) can0 306#1B00000000000000
(1430319904.437768) can0 294#00009CFFFA000000
(1430319904.438008) can0 270#E413000000000000
(1430319904.489558) can0 477#0700517C61001400
(1430319904.537117) can0 475#BA131D4945000000
(1430319904.537454) can0 306#1C00000000000000
(1430319904.537708) can0 294#00009CFFFA000000
(1430319904.537964) can0 270#E413000000000000
(1430319904.586574) can0 477#0700517C61001400
(1430319904.637121) can0 475#C1131D4945000000
(1430319904.637435) can0 306#1C00000000000000
(1430319904.637702) can0 294#00009CFFFA000000
(1430319904.637973) can0 270#E413000000000000
(1430319904.683499) can0 477#0700507C61001400
(1430319904.737139) can0 475#C7131D4945000000
(1430319904.737521) can0 306#1C00000000000000
(1430319904.737784) can0 294#00009CFFFA000000
(1430319904.738027) can0 270#E413000000000000
(1430319904.780505) can0 477#0700507C61001400
(1430319904.837314) can0 475#C3131D4945000000
(1430319904.837620) can0 306#1C00000000000000
(1430319904.837875) can0 294#00009CFFFA000000
(1430319904.838123) can0 270#E413000000000000
(1430319904.877894) can0 477#0700507C61001400
(1430319904.937297) can0 475#CD131D4945000000
(1430319904.937633) can0 306#1B00000000000000
(1430319904.937889) can0 270#E313000000000000
(1430319904.938092) can0 294#00009CFFFA000000
(1430319904.975480) can0 477#0700517C61001400
(1430319905.037200) can0 475#C3131D4945000000
(1430319905.037518) can0 306#1A00000000000000
(1430319905.037780) can0 294#00009CFFFA000000
(1430319905.038033) can0 270#E313000000000000
(1430319905.072226) can0 477#0700517C61001400
(1430319905.137176) can0 475#C9131D4945000000
(1430319905.137466) can0 306#1A00000000000000
(1430319905.137717) can0 294#00009CFFFA000000
(1430319905.137965) can0 270#E313000000000000
(1430319905.169023) can0 477#0700517C61001400
(1430319905.237157) can0 475#CD131D4945000000
(1430319905.237455) can0 306#1A00000000000000
(1430319905.237706) can0 294#00009CFFFA000000
(1430319905.237954) can0 270#E413000000000000
(1430319905.265299) can0 477#0700507C61001400
(1430319905.337111) can0 475#C3131D4945000000
(1430319905.337433) can0 306#1A00000000000000
(1430319905.337684) can0 294#00009CFFFA000000
(1430319905.337932) can0 270#E413000000000000
(1430319905.362281) can0 477#0700517C61001400
(1430319905.437120) can0 475#C7131D4945000000
(1430319905.437568) can0 306#1B00000000000000
(1430319905.437830) can0 294#00009CFFFA000000
(1430319905.438708) can0 270#E413000000000000
(1430319905.459241) can0 477#0700517C61001400
(1430319905.539611) can0 475#C5131D4945000000
(1430319905.556237) can0 477#0700507C61001400
(1430319905.637511) can0 475#BF131D4945000000
(1430319905.637867) can0 306#1B00000000000000
(1430319905.638122) can0 294#00009CFFFA000000
(1430319905.638372) can0 270#E413000000000000
(1430319905.653196) can0 477#0700507C61001400
(1430319905.737404) can0 475#C9131D4945000000
(1430319905.737765) can0 306#1B00000000000000
(1430319905.738018) can0 294#00009CFFFA000000
(1430319905.738274) can0 270#E313000000000000
(1430319905.750183) can0 477#0700507C61001400
(1430319905.837444) can0 475#C9131D4945000000
(1430319905.837750) can0 306#1B00000000000000
(1430319905.838004) can0 294#00009CFFFA000000
(1430319905.838254) can0 270#E413000000000000
(1430319905.847165) can0 477#0700517C61001400
(1430319905.937474) can0 475#C7131D4945000000
(1430319905.937834) can0 306#1B00000000000000
(1430319905.938085) can0 294#00009CFFFA000000
(1430319905.938352) can0 270#E413000000000000
(1430319905.944064) can0 477#0700507C61001400
(1430319906.037349) can0 475#C7131D4945000000
(1430319906.037692) can0 306#1B00000000000000
(1430319906.037947) can0 294#00009CFFFA000000
(1430319906.038199) can0 270#E313000000000000
(1430319906.041069) can0 477#0700507C61001400
(1430319906.137338) can0 475#CB131D4945000000
(1430319906.137649) can0 306#1C00000000000000
(1430319906.137904) can0 294#00009CFFFA000000
(1430319906.138155) can0 477#0700507C61001400
(1430319906.138401) can0 270#E313000000000000
(1430319906.235150) can0 477#0700517C61001400
(1430319906.237635) can0 475#C1131D4945000000
(1430319906.237903) can0 306#1B00000000000000
(1430319906.238152) can0 294#00009CFFFA000000
(1430319906.238402) can0 270#E313000000000000
(1430319906.332003) can0 477#0700517C61001400
(1430319906.337529) can0 475#BF131D4945000000
(1430319906.337826) can0 306#1B00000000000000
(1430319906.338080) can0 294#00009CFFFA000000
(1430319906.338371) can0 270#E413000000000000
(1430319906.428934) can0 477#0700507C61001400
(1430319906.437538) can0 475#BF131D4945000000
(1430319906.437822) can0 306#1B00000000000000
(1430319906.438067) can0 294#00009CFFFA000000
(1430319906.438317) can0 270#E313000000000000
(1430319906.525931) can0 477#0700517C61001400
(1430319906.537541) can0 475#C9131D4945000000
(1430319906.537859) can0 306#1B00000000000000
(1430319906.538133) can0 294#00009CFFFA000000
(1430319906.538390) can0 270#E313000000000000
(1430319906.622977) can0 477#0700517C61001400
(1430319906.637433) can0 475#C1131D4945000000
(1430319906.637732) can0 306#1A00000000000000
(1430319906.637982) can0 294#00009CFFFA000000
(1430319906.638229) can0 270#E413000000000000
(1430319906.719855) can0 477#0700517C61001400
(1430319906.737478) can0 475#BC131D4945000000
(1430319906.737763) can0 306#1A00000000000000
(1430319906.738017) can0 294#00009CFFFA000000
(1430319906.738265) can0 270#E313000000000000
(1430319906.816950) can0 477#0700507C61001400
(1430319906.837453) can0 475#CB131D4945000000
(1430319906.837872) can0 306#1A00000000000000
(1430319906.838132) can0 270#E313000000000000
(1430319906.838341) can0 294#00009CFFFA000000
(1430319906.913871) can0 477#0700507C61001400
(1430319906.937356) can0 475#C7131D4945000000
(1430319906.937725) can0 306#1B00000000000000
(1430319906.937984) can0 294#00009CFFFA000000
(1430319906.938239) can0 270#E313000000000000
(1430319907.010804) can0 477#0700507C61001400
(1430319907.037333) can0 475#C7131D4945000000
(1430319907.037676) can0 306#1B00000000000000
(1430319907.037942) can0 294#00009CFFFA000000
(1430319907.038211) can0 270#E313000000000000
(1430319907.107808) can0 477#0700507C61001400
(1430319907.137262) can0 475#CD131D4945000000
(1430319907.137627) can0 306#1B00000000000000
(1430319907.137895) can0 294#00009CFFFA000000
(1430319907.138154) can0 270#E313000000000000
(1430319907.204761) can0 477#0700507C61001400
(1430319907.237223) can0 475#C7131D4945000000
(1430319907.237584) can0 306#1C00000000000000
(1430319907.237854) can0 294#00009CFFFA000000
(14303